#
# A fatal error has been detected by the Java Runtime Environment:
#
#  Internal Error (classFileParser.cpp:3174), pid=3696, tid=1924
#  Error: ShouldNotReachHere()
#
# JRE version: 6.0_18-b07
# Java VM: Java HotSpot(TM) Client VM (16.0-b13 mixed mode windows-x86 )
# If you would like to submit a bug report, please visit:
#   http://java.sun.com/webapps/bugreport/crash.jsp
#

---------------  T H R E A D  ---------------

Current thread (0x00846400):  JavaThread "Unknown thread" [_thread_in_vm, id=1924, stack(0x008e0000,0x00930000)]

Stack: [0x008e0000,0x00930000],  sp=0x0092f8ac,  free space=13e0092f8bck
Native frames: (J=compiled Java code, j=interpreted, Vv=VM code, C=native code)
V  [jvm.dll+0x1f4000]
V  [jvm.dll+0xa1d79]
V  [jvm.dll+0x74ab1]
V  [jvm.dll+0x76154]
V  [jvm.dll+0x1c2395]
V  [jvm.dll+0x1c2acd]
V  [jvm.dll+0x1c2e85]
V  [jvm.dll+0x1c2ecb]
V  [jvm.dll+0x1c2ff2]
V  [jvm.dll+0x1c306a]
V  [jvm.dll+0x1c351d]
V  [jvm.dll+0x1c3922]
V  [jvm.dll+0x1e3ed3]
V  [jvm.dll+0x1e42ac]
V  [jvm.dll+0xd88c1]
V  [jvm.dll+0x1ddae8]
V  [jvm.dll+0x1030a0]
C  [javaw.exe+0x1657]
C  [javaw.exe+0x1e2c]
C  [javaw.exe+0x8614]
C  [kernel32.dll+0xb713]


---------------  P R O C E S S  ---------------

Java Threads: ( => current thread )

Other Threads:

=>0x00846400 (exited) JavaThread "Unknown thread" [_thread_in_vm, id=1924, stack(0x008e0000,0x00930000)]

VM state:not at safepoint (not fully initialized)

VM Mutex/Monitor currently owned by a thread: None

Dynamic libraries:
0x00400000 - 0x00424000 	E:\Java\jdk1.6\bin\javaw.exe
0x7c920000 - 0x7c9b3000 	C:\WINDOWS\system32\ntdll.dll
0x7c800000 - 0x7c91e000 	C:\WINDOWS\system32\kernel32.dll
0x77da0000 - 0x77e49000 	C:\WINDOWS\system32\ADVAPI32.dll
0x77e50000 - 0x77ee2000 	C:\WINDOWS\system32\RPCRT4.dll
0x77fc0000 - 0x77fd1000 	C:\WINDOWS\system32\Secur32.dll
0x77d10000 - 0x77da0000 	C:\WINDOWS\system32\USER32.dll
0x77ef0000 - 0x77f39000 	C:\WINDOWS\system32\GDI32.dll
0x76300000 - 0x7631d000 	C:\WINDOWS\system32\IMM32.DLL
0x62c20000 - 0x62c29000 	C:\WINDOWS\system32\LPK.DLL
0x73fa0000 - 0x7400b000 	C:\WINDOWS\system32\USP10.dll
0x7c340000 - 0x7c396000 	E:\Java\jdk1.6\jre\bin\msvcr71.dll
0x6d800000 - 0x6da97000 	E:\Java\jdk1.6\jre\bin\client\jvm.dll
0x76b10000 - 0x76b3a000 	C:\WINDOWS\system32\WINMM.dll
0x6d7b0000 - 0x6d7bc000 	E:\Java\jdk1.6\jre\bin\verify.dll
0x6d330000 - 0x6d34f000 	E:\Java\jdk1.6\jre\bin\java.dll
0x6d290000 - 0x6d298000 	E:\Java\jdk1.6\jre\bin\hpi.dll
0x76bc0000 - 0x76bcb000 	C:\WINDOWS\system32\PSAPI.DLL
0x6d7f0000 - 0x6d7ff000 	E:\Java\jdk1.6\jre\bin\zip.dll

VM Arguments:
jvm_args: -Dfile.encoding=UTF-8 -Xbootclasspath:E:\Java\android-sdk-windows\platforms\android-1.5\android.jar 
java_command: com.olunx.util.Utils
Launcher Type: SUN_STANDARD

Environment Variables:
PATH=E:/Java/jdk1.6/bin/../jre/bin/client;E:/Java/jdk1.6/bin/../jre/bin;C:\WINDOWS\system32;C:\WINDOWS;C:\WINDOWS\System32\Wbem;C:\Program Files\TortoiseSVN\bin;C:\Program Files\TortoiseHg\;C:\Program Files\Common Files\Thunder Network\KanKan\Codecs;E:\Java\jdk1.6\bin
USERNAME=Administrator
OS=Windows_NT
PROCESSOR_IDENTIFIER=x86 Family 6 Model 23 Stepping 10, GenuineIntel



---------------  S Y S T E M  ---------------

OS: Windows XP Build 2600 Service Pack 3

CPU:total 2 (2 cores per cpu, 1 threads per core) family 6 model 23 stepping 10, cmov, cx8, fxsr, mmx, sse, sse2, sse3, ssse3

Memory: 4k page, physical 2025372k(219664k free), swap 3967820k(2162628k free)

vm_info: Java HotSpot(TM) Client VM (16.0-b13) for windows-x86 JRE (1.6.0_18-b07), built on Dec 17 2009 13:35:55 by "java_re" with MS VC++ 7.1 (VS2003)

time: Wed Sep 15 13:09:27 2010
elapsed time: 0 seconds

